<?xml version="1.0" encoding="UTF-8"?>
<!-- Generated by org.testng.reporters.JUnitReportReporter -->
<testsuite skipped="0" hostname="DESKTOP-26LASGN" name="com.inetbanking.testCases.TC_AddCustomerTest_003" tests="1" failures="0" timestamp="2022-08-03T09:25:13 EDT" time="16.535" errors="0">
  <testcase name="addNewCustomer" time="16.535" classname="com.inetbanking.testCases.TC_AddCustomerTest_003"/>
  <system-out/>
</testsuite> <!-- com.inetbanking.testCases.TC_AddCustomerTest_003 -->
