<?xml version="1.0" encoding="UTF-8"?>
<!-- Generated by org.testng.reporters.JUnitReportReporter -->
<testsuite skipped="0" hostname="DESKTOP-26LASGN" name="com.inetbanking.testCases.TC_LoginTest_001" tests="1" failures="0" timestamp="2022-08-03T09:25:13 EDT" time="2.302" errors="0">
  <testcase name="loginTest" time="2.302" classname="com.inetbanking.testCases.TC_LoginTest_001"/>
  <system-out/>
</testsuite> <!-- com.inetbanking.testCases.TC_LoginTest_001 -->
